# JRE version: OpenJDK Runtime Environment Temurin-21.0.10+7 (21.0.10+7) (build 21.0.10+7-LTS)
# Java VM: OpenJDK 64-Bit Server VM Temurin-21.0.10+7 (21.0.10+7-LTS, mixed mode, sharing, tiered, compressed oops, compressed class ptrs, g1 gc, windows-amd64)
GC Precious Log:
 CardTable entry size: 512
 Card Set container configuration: InlinePtr #cards 4 size 8 Array Of Cards #cards 32 size 80 Howl #buckets 8 coarsen threshold 7372 Howl Bitmap #cards 1024 size 144 coarsen threshold 921 Card regions per heap region 1 cards per card region 8192
 CPUs: 12 total, 12 available
 Memory: 16024M
 Large Page Support: Disabled
 NUMA Support: Disabled
 Compressed Oops: Enabled (Zero based)
 Heap Region Size: 4M
 Heap Min Capacity: 8M
 Heap Initial Capacity: 252M
 Heap Max Capacity: 8G
 Pre-touch: Disabled
 Parallel Workers: 10
 Concurrent Workers: 3
 Concurrent Refinement Workers: 10
 Periodic GC: Disabled
Heap:
 garbage-first heap   total 262144K, used 151835K [0x0000000600000000, 0x0000000800000000)
  region size 4096K, 2 young (8192K), 2 survivors (8192K)
 Metaspace       used 127883K, committed 130624K, reserved 1179648K
  class space    used 17626K, committed 19008K, reserved 1048576K
GC Heap History (20 events):
Event: 25.462 GC heap after
{Heap after GC invocations=40 (full 0):
 garbage-first heap   total 221184K, used 117096K [0x0000000600000000, 0x0000000800000000)
  region size 4096K, 3 young (12288K), 3 survivors (12288K)
 Metaspace       used 102606K, committed 105088K, reserved 1179648K
  class space    used 14667K, committed 15872K, reserved 1048576K
}
Event: 26.467 GC heap before
{Heap before GC invocations=40 (full 0):
 garbage-first heap   total 221184K, used 199016K [0x0000000600000000, 0x0000000800000000)
  region size 4096K, 23 young (94208K), 3 survivors (12288K)
 Metaspace       used 107438K, committed 109952K, reserved 1179648K
  class space    used 15305K, committed 16512K, reserved 1048576K
}
Event: 26.476 GC heap after
{Heap after GC invocations=41 (full 0):
 garbage-first heap   total 221184K, used 120677K [0x0000000600000000, 0x0000000800000000)
  region size 4096K, 2 young (8192K), 2 survivors (8192K)
 Metaspace       used 107438K, committed 109952K, reserved 1179648K
  class space    used 15305K, committed 16512K, reserved 1048576K
}
Event: 27.526 GC heap before
{Heap before GC invocations=42 (full 0):
 garbage-first heap   total 221184K, used 198501K [0x0000000600000000, 0x0000000800000000)
  region size 4096K, 22 young (90112K), 2 survivors (8192K)
 Metaspace       used 111201K, committed 113728K, reserved 1179648K
  class space    used 15689K, committed 16896K, reserved 1048576K
}
Event: 27.536 GC heap after
{Heap after GC invocations=43 (full 0):
 garbage-first heap   total 221184K, used 127733K [0x0000000600000000, 0x0000000800000000)
  region size 4096K, 3 young (12288K), 3 survivors (12288K)
 Metaspace       used 111201K, committed 113728K, reserved 1179648K
  class space    used 15689K, committed 16896K, reserved 1048576K
}
Event: 28.856 GC heap before
{Heap before GC invocations=43 (full 0):
 garbage-first heap   total 221184K, used 201461K [0x0000000600000000, 0x0000000800000000)
  region size 4096K, 21 young (86016K), 3 survivors (12288K)
 Metaspace       used 114535K, committed 117056K, reserved 1179648K
  class space    used 16133K, committed 17344K, reserved 1048576K
}
Event: 28.872 GC heap after
{Heap after GC invocations=44 (full 0):
 garbage-first heap   total 229376K, used 134483K [0x0000000600000000, 0x0000000800000000)
  region size 4096K, 2 young (8192K), 2 survivors (8192K)
 Metaspace       used 114535K, committed 117056K, reserved 1179648K
  class space    used 16133K, committed 17344K, reserved 1048576K
}
Event: 29.984 GC heap before
{Heap before GC invocations=44 (full 0):
 garbage-first heap   total 229376K, used 208211K [0x0000000600000000, 0x0000000800000000)
  region size 4096K, 20 young (81920K), 2 survivors (8192K)
 Metaspace       used 118855K, committed 121408K, reserved 1179648K
  class space    used 16699K, committed 17920K, reserved 1048576K
}
Event: 29.991 GC heap after
{Heap after GC invocations=45 (full 0):
 garbage-first heap   total 229376K, used 139444K [0x0000000600000000, 0x0000000800000000)
  region size 4096K, 3 young (12288K), 3 survivors (12288K)
 Metaspace       used 118855K, committed 121408K, reserved 1179648K
  class space    used 16699K, committed 17920K, reserved 1048576K
}
Event: 31.014 GC heap before
{Heap before GC invocations=46 (full 0):
 garbage-first heap   total 241664K, used 204980K [0x0000000600000000, 0x0000000800000000)
  region size 4096K, 20 young (81920K), 3 survivors (12288K)
 Metaspace       used 124256K, committed 126912K, reserved 1179648K
  class space    used 17329K, committed 18624K, reserved 1048576K
}
Event: 31.026 GC heap after
{Heap after GC invocations=47 (full 0):
 garbage-first heap   total 241664K, used 142148K [0x0000000600000000, 0x0000000800000000)
  region size 4096K, 3 young (12288K), 3 survivors (12288K)
 Metaspace       used 124256K, committed 126912K, reserved 1179648K
  class space    used 17329K, committed 18624K, reserved 1048576K
}
Event: 32.764 GC heap before
{Heap before GC invocations=47 (full 0):
 garbage-first heap   total 241664K, used 215876K [0x0000000600000000, 0x0000000800000000)
  region size 4096K, 22 young (90112K), 3 survivors (12288K)
 Metaspace       used 126548K, committed 129216K, reserved 1179648K
  class space    used 17520K, committed 18816K, reserved 1048576K
}
Event: 32.777 GC heap after
{Heap after GC invocations=48 (full 0):
 garbage-first heap   total 241664K, used 147087K [0x0000000600000000, 0x0000000800000000)
  region size 4096K, 2 young (8192K), 2 survivors (8192K)
 Metaspace       used 126548K, committed 129216K, reserved 1179648K
  class space    used 17520K, committed 18816K, reserved 1048576K
}
Event: 33.847 GC heap before
{Heap before GC invocations=48 (full 0):
 garbage-first heap   total 241664K, used 224911K [0x0000000600000000, 0x0000000800000000)
  region size 4096K, 21 young (86016K), 2 survivors (8192K)
 Metaspace       used 126762K, committed 129408K, reserved 1179648K
  class space    used 17525K, committed 18816K, reserved 1048576K
}
Event: 33.858 GC heap after
{Heap after GC invocations=49 (full 0):
 garbage-first heap   total 241664K, used 151560K [0x0000000600000000, 0x0000000800000000)
  region size 4096K, 3 young (12288K), 3 survivors (12288K)
 Metaspace       used 126762K, committed 129408K, reserved 1179648K
  class space    used 17525K, committed 18816K, reserved 1048576K
}
Event: 36.374 GC heap before
{Heap before GC invocations=50 (full 0):
 garbage-first heap   total 262144K, used 221192K [0x0000000600000000, 0x0000000800000000)
  region size 4096K, 20 young (81920K), 3 survivors (12288K)
 Metaspace       used 127068K, committed 129728K, reserved 1179648K
  class space    used 17553K, committed 18880K, reserved 1048576K
}
Event: 36.381 GC heap after
{Heap after GC invocations=51 (full 0):
 garbage-first heap   total 262144K, used 148906K [0x0000000600000000, 0x0000000800000000)
  region size 4096K, 2 young (8192K), 2 survivors (8192K)
 Metaspace       used 127068K, committed 129728K, reserved 1179648K
  class space    used 17553K, committed 18880K, reserved 1048576K
}
Event: 37.332 GC heap before
{Heap before GC invocations=51 (full 0):
 garbage-first heap   total 262144K, used 234922K [0x0000000600000000, 0x0000000800000000)
  region size 4096K, 24 young (98304K), 2 survivors (8192K)
 Metaspace       used 127245K, committed 129920K, reserved 1179648K
  class space    used 17557K, committed 18880K, reserved 1048576K
}
Event: 37.342 GC heap after
{Heap after GC invocations=52 (full 0):
 garbage-first heap   total 262144K, used 152958K [0x0000000600000000, 0x0000000800000000)
  region size 4096K, 3 young (12288K), 3 survivors (12288K)
 Metaspace       used 127245K, committed 129920K, reserved 1179648K
  class space    used 17557K, committed 18880K, reserved 1048576K
}
Event: 68.768 GC heap before
{Heap before GC invocations=52 (full 0):
 garbage-first heap   total 262144K, used 243070K [0x0000000600000000, 0x0000000800000000)
  region size 4096K, 25 young (102400K), 3 survivors (12288K)
 Metaspace       used 127883K, committed 130624K, reserved 1179648K
  class space    used 17626K, committed 19008K, reserved 1048576K
}

