# JRE version: OpenJDK Runtime Environment Temurin-21.0.10+7 (21.0.10+7) (build 21.0.10+7-LTS)
# Java VM: OpenJDK 64-Bit Server VM Temurin-21.0.10+7 (21.0.10+7-LTS, mixed mode, sharing, tiered, compressed oops, compressed class ptrs, parallel gc, windows-amd64)
GC Precious Log:
 CardTable entry size: 512
 CPUs: 12 total, 12 available
 Memory: 16024M
 Large Page Support: Disabled
 NUMA Support: Disabled
 Compressed Oops: Enabled (32-bit)
 Alignments: Space 512K, Generation 512K, Heap 2M
 Heap Min Capacity: 100M
 Heap Initial Capacity: 100M
 Heap Max Capacity: 2G
 Pre-touch: Disabled
 Parallel Workers: 10
Heap:
 PSYoungGen      total 20992K, used 13117K [0x00000000d5580000, 0x00000000d6d00000, 0x0000000100000000)
  eden space 19968K, 60% used [0x00000000d5580000,0x00000000d61535d0,0x00000000d6900000)
  from space 1024K, 98% used [0x00000000d6900000,0x00000000d69fc020,0x00000000d6a00000)
  to   space 2048K, 0% used [0x00000000d6b00000,0x00000000d6b00000,0x00000000d6d00000)
 ParOldGen       total 68608K, used 40795K [0x0000000080000000, 0x0000000084300000, 0x00000000d5580000)
  object space 68608K, 59% used [0x0000000080000000,0x00000000827d6fc8,0x0000000084300000)
 Metaspace       used 63338K, committed 64768K, reserved 1114112K
  class space    used 8073K, committed 8704K, reserved 1048576K
GC Heap History (20 events):
Event: 15.035 GC heap before
{Heap before GC invocations=35 (full 3):
 PSYoungGen      total 20992K, used 20581K [0x00000000d5580000, 0x00000000d6b00000, 0x0000000100000000)
  eden space 19968K, 100% used [0x00000000d5580000,0x00000000d6900000,0x00000000d6900000)
  from space 1024K, 59% used [0x00000000d6980000,0x00000000d6a194d0,0x00000000d6a80000)
  to   space 512K, 0% used [0x00000000d6a80000,0x00000000d6a80000,0x00000000d6b00000)
 ParOldGen       total 68608K, used 39151K [0x0000000080000000, 0x0000000084300000, 0x00000000d5580000)
  object space 68608K, 57% used [0x0000000080000000,0x000000008263bd30,0x0000000084300000)
 Metaspace       used 60143K, committed 61504K, reserved 1114112K
  class space    used 7618K, committed 8192K, reserved 1048576K
}
Event: 15.037 GC heap after
{Heap after GC invocations=35 (full 3):
 PSYoungGen      total 20480K, used 490K [0x00000000d5580000, 0x00000000d6c00000, 0x0000000100000000)
  eden space 19968K, 0% used [0x00000000d5580000,0x00000000d5580000,0x00000000d6900000)
  from space 512K, 95% used [0x00000000d6a80000,0x00000000d6afa800,0x00000000d6b00000)
  to   space 1536K, 0% used [0x00000000d6900000,0x00000000d6900000,0x00000000d6a80000)
 ParOldGen       total 68608K, used 39828K [0x0000000080000000, 0x0000000084300000, 0x00000000d5580000)
  object space 68608K, 58% used [0x0000000080000000,0x00000000826e5160,0x0000000084300000)
 Metaspace       used 60143K, committed 61504K, reserved 1114112K
  class space    used 7618K, committed 8192K, reserved 1048576K
}
Event: 15.256 GC heap before
{Heap before GC invocations=36 (full 3):
 PSYoungGen      total 20480K, used 20458K [0x00000000d5580000, 0x00000000d6c00000, 0x0000000100000000)
  eden space 19968K, 100% used [0x00000000d5580000,0x00000000d6900000,0x00000000d6900000)
  from space 512K, 95% used [0x00000000d6a80000,0x00000000d6afa800,0x00000000d6b00000)
  to   space 1536K, 0% used [0x00000000d6900000,0x00000000d6900000,0x00000000d6a80000)
 ParOldGen       total 68608K, used 39828K [0x0000000080000000, 0x0000000084300000, 0x00000000d5580000)
  object space 68608K, 58% used [0x0000000080000000,0x00000000826e5160,0x0000000084300000)
 Metaspace       used 60145K, committed 61504K, reserved 1114112K
  class space    used 7618K, committed 8192K, reserved 1048576K
}
Event: 15.257 GC heap after
{Heap after GC invocations=36 (full 3):
 PSYoungGen      total 20992K, used 887K [0x00000000d5580000, 0x00000000d6b00000, 0x0000000100000000)
  eden space 19968K, 0% used [0x00000000d5580000,0x00000000d5580000,0x00000000d6900000)
  from space 1024K, 86% used [0x00000000d6900000,0x00000000d69ddcf8,0x00000000d6a00000)
  to   space 1024K, 0% used [0x00000000d6a00000,0x00000000d6a00000,0x00000000d6b00000)
 ParOldGen       total 68608K, used 40012K [0x0000000080000000, 0x0000000084300000, 0x00000000d5580000)
  object space 68608K, 58% used [0x0000000080000000,0x0000000082713160,0x0000000084300000)
 Metaspace       used 60145K, committed 61504K, reserved 1114112K
  class space    used 7618K, committed 8192K, reserved 1048576K
}
Event: 15.490 GC heap before
{Heap before GC invocations=37 (full 3):
 PSYoungGen      total 20992K, used 20855K [0x00000000d5580000, 0x00000000d6b00000, 0x0000000100000000)
  eden space 19968K, 100% used [0x00000000d5580000,0x00000000d6900000,0x00000000d6900000)
  from space 1024K, 86% used [0x00000000d6900000,0x00000000d69ddcf8,0x00000000d6a00000)
  to   space 1024K, 0% used [0x00000000d6a00000,0x00000000d6a00000,0x00000000d6b00000)
 ParOldGen       total 68608K, used 40012K [0x0000000080000000, 0x0000000084300000, 0x00000000d5580000)
  object space 68608K, 58% used [0x0000000080000000,0x0000000082713160,0x0000000084300000)
 Metaspace       used 60145K, committed 61504K, reserved 1114112K
  class space    used 7618K, committed 8192K, reserved 1048576K
}
Event: 15.491 GC heap after
{Heap after GC invocations=37 (full 3):
 PSYoungGen      total 20992K, used 503K [0x00000000d5580000, 0x00000000d6b00000, 0x0000000100000000)
  eden space 19968K, 0% used [0x00000000d5580000,0x00000000d5580000,0x00000000d6900000)
  from space 1024K, 49% used [0x00000000d6a00000,0x00000000d6a7dd70,0x00000000d6b00000)
  to   space 1024K, 0% used [0x00000000d6900000,0x00000000d6900000,0x00000000d6a00000)
 ParOldGen       total 68608K, used 40076K [0x0000000080000000, 0x0000000084300000, 0x00000000d5580000)
  object space 68608K, 58% used [0x0000000080000000,0x0000000082723160,0x0000000084300000)
 Metaspace       used 60145K, committed 61504K, reserved 1114112K
  class space    used 7618K, committed 8192K, reserved 1048576K
}
Event: 15.727 GC heap before
{Heap before GC invocations=38 (full 3):
 PSYoungGen      total 20992K, used 20471K [0x00000000d5580000, 0x00000000d6b00000, 0x0000000100000000)
  eden space 19968K, 100% used [0x00000000d5580000,0x00000000d6900000,0x00000000d6900000)
  from space 1024K, 49% used [0x00000000d6a00000,0x00000000d6a7dd70,0x00000000d6b00000)
  to   space 1024K, 0% used [0x00000000d6900000,0x00000000d6900000,0x00000000d6a00000)
 ParOldGen       total 68608K, used 40076K [0x0000000080000000, 0x0000000084300000, 0x00000000d5580000)
  object space 68608K, 58% used [0x0000000080000000,0x0000000082723160,0x0000000084300000)
 Metaspace       used 60145K, committed 61504K, reserved 1114112K
  class space    used 7618K, committed 8192K, reserved 1048576K
}
Event: 15.728 GC heap after
{Heap after GC invocations=38 (full 3):
 PSYoungGen      total 20992K, used 352K [0x00000000d5580000, 0x00000000d6a80000, 0x0000000100000000)
  eden space 19968K, 0% used [0x00000000d5580000,0x00000000d5580000,0x00000000d6900000)
  from space 1024K, 34% used [0x00000000d6900000,0x00000000d6958000,0x00000000d6a00000)
  to   space 512K, 0% used [0x00000000d6a00000,0x00000000d6a00000,0x00000000d6a80000)
 ParOldGen       total 68608K, used 40168K [0x0000000080000000, 0x0000000084300000, 0x00000000d5580000)
  object space 68608K, 58% used [0x0000000080000000,0x000000008273a230,0x0000000084300000)
 Metaspace       used 60145K, committed 61504K, reserved 1114112K
  class space    used 7618K, committed 8192K, reserved 1048576K
}
Event: 15.922 GC heap before
{Heap before GC invocations=39 (full 3):
 PSYoungGen      total 20992K, used 20320K [0x00000000d5580000, 0x00000000d6a80000, 0x0000000100000000)
  eden space 19968K, 100% used [0x00000000d5580000,0x00000000d6900000,0x00000000d6900000)
  from space 1024K, 34% used [0x00000000d6900000,0x00000000d6958000,0x00000000d6a00000)
  to   space 512K, 0% used [0x00000000d6a00000,0x00000000d6a00000,0x00000000d6a80000)
 ParOldGen       total 68608K, used 40168K [0x0000000080000000, 0x0000000084300000, 0x00000000d5580000)
  object space 68608K, 58% used [0x0000000080000000,0x000000008273a230,0x0000000084300000)
 Metaspace       used 60145K, committed 61504K, reserved 1114112K
  class space    used 7618K, committed 8192K, reserved 1048576K
}
Event: 15.923 GC heap after
{Heap after GC invocations=39 (full 3):
 PSYoungGen      total 20480K, used 492K [0x00000000d5580000, 0x00000000d6b00000, 0x0000000100000000)
  eden space 19968K, 0% used [0x00000000d5580000,0x00000000d5580000,0x00000000d6900000)
  from space 512K, 96% used [0x00000000d6a00000,0x00000000d6a7b160,0x00000000d6a80000)
  to   space 1024K, 0% used [0x00000000d6900000,0x00000000d6900000,0x00000000d6a00000)
 ParOldGen       total 68608K, used 40291K [0x0000000080000000, 0x0000000084300000, 0x00000000d5580000)
  object space 68608K, 58% used [0x0000000080000000,0x0000000082758fa8,0x0000000084300000)
 Metaspace       used 60145K, committed 61504K, reserved 1114112K
  class space    used 7618K, committed 8192K, reserved 1048576K
}
Event: 16.165 GC heap before
{Heap before GC invocations=40 (full 3):
 PSYoungGen      total 20480K, used 20460K [0x00000000d5580000, 0x00000000d6b00000, 0x0000000100000000)
  eden space 19968K, 100% used [0x00000000d5580000,0x00000000d6900000,0x00000000d6900000)
  from space 512K, 96% used [0x00000000d6a00000,0x00000000d6a7b160,0x00000000d6a80000)
  to   space 1024K, 0% used [0x00000000d6900000,0x00000000d6900000,0x00000000d6a00000)
 ParOldGen       total 68608K, used 40291K [0x0000000080000000, 0x0000000084300000, 0x00000000d5580000)
  object space 68608K, 58% used [0x0000000080000000,0x0000000082758fa8,0x0000000084300000)
 Metaspace       used 60145K, committed 61504K, reserved 1114112K
  class space    used 7618K, committed 8192K, reserved 1048576K
}
Event: 16.166 GC heap after
{Heap after GC invocations=40 (full 3):
 PSYoungGen      total 20992K, used 1022K [0x00000000d5580000, 0x00000000d6c00000, 0x0000000100000000)
  eden space 19968K, 0% used [0x00000000d5580000,0x00000000d5580000,0x00000000d6900000)
  from space 1024K, 99% used [0x00000000d6900000,0x00000000d69ff858,0x00000000d6a00000)
  to   space 1536K, 0% used [0x00000000d6a80000,0x00000000d6a80000,0x00000000d6c00000)
 ParOldGen       total 68608K, used 40315K [0x0000000080000000, 0x0000000084300000, 0x00000000d5580000)
  object space 68608K, 58% used [0x0000000080000000,0x000000008275efa8,0x0000000084300000)
 Metaspace       used 60145K, committed 61504K, reserved 1114112K
  class space    used 7618K, committed 8192K, reserved 1048576K
}
Event: 16.394 GC heap before
{Heap before GC invocations=41 (full 3):
 PSYoungGen      total 20992K, used 20990K [0x00000000d5580000, 0x00000000d6c00000, 0x0000000100000000)
  eden space 19968K, 100% used [0x00000000d5580000,0x00000000d6900000,0x00000000d6900000)
  from space 1024K, 99% used [0x00000000d6900000,0x00000000d69ff858,0x00000000d6a00000)
  to   space 1536K, 0% used [0x00000000d6a80000,0x00000000d6a80000,0x00000000d6c00000)
 ParOldGen       total 68608K, used 40315K [0x0000000080000000, 0x0000000084300000, 0x00000000d5580000)
  object space 68608K, 58% used [0x0000000080000000,0x000000008275efa8,0x0000000084300000)
 Metaspace       used 60145K, committed 61504K, reserved 1114112K
  class space    used 7618K, committed 8192K, reserved 1048576K
}
Event: 16.395 GC heap after
{Heap after GC invocations=41 (full 3):
 PSYoungGen      total 21504K, used 1183K [0x00000000d5580000, 0x00000000d6c00000, 0x0000000100000000)
  eden space 19968K, 0% used [0x00000000d5580000,0x00000000d5580000,0x00000000d6900000)
  from space 1536K, 77% used [0x00000000d6a80000,0x00000000d6ba7f20,0x00000000d6c00000)
  to   space 1536K, 0% used [0x00000000d6900000,0x00000000d6900000,0x00000000d6a80000)
 ParOldGen       total 68608K, used 40347K [0x0000000080000000, 0x0000000084300000, 0x00000000d5580000)
  object space 68608K, 58% used [0x0000000080000000,0x0000000082766fa8,0x0000000084300000)
 Metaspace       used 60145K, committed 61504K, reserved 1114112K
  class space    used 7618K, committed 8192K, reserved 1048576K
}
Event: 16.570 GC heap before
{Heap before GC invocations=42 (full 3):
 PSYoungGen      total 21504K, used 21151K [0x00000000d5580000, 0x00000000d6c00000, 0x0000000100000000)
  eden space 19968K, 100% used [0x00000000d5580000,0x00000000d6900000,0x00000000d6900000)
  from space 1536K, 77% used [0x00000000d6a80000,0x00000000d6ba7f20,0x00000000d6c00000)
  to   space 1536K, 0% used [0x00000000d6900000,0x00000000d6900000,0x00000000d6a80000)
 ParOldGen       total 68608K, used 40347K [0x0000000080000000, 0x0000000084300000, 0x00000000d5580000)
  object space 68608K, 58% used [0x0000000080000000,0x0000000082766fa8,0x0000000084300000)
 Metaspace       used 60145K, committed 61504K, reserved 1114112K
  class space    used 7618K, committed 8192K, reserved 1048576K
}
Event: 16.571 GC heap after
{Heap after GC invocations=42 (full 3):
 PSYoungGen      total 21504K, used 982K [0x00000000d5580000, 0x00000000d6c00000, 0x0000000100000000)
  eden space 19968K, 0% used [0x00000000d5580000,0x00000000d5580000,0x00000000d6900000)
  from space 1536K, 63% used [0x00000000d6900000,0x00000000d69f5ae8,0x00000000d6a80000)
  to   space 1536K, 0% used [0x00000000d6a80000,0x00000000d6a80000,0x00000000d6c00000)
 ParOldGen       total 68608K, used 40403K [0x0000000080000000, 0x0000000084300000, 0x00000000d5580000)
  object space 68608K, 58% used [0x0000000080000000,0x0000000082774fa8,0x0000000084300000)
 Metaspace       used 60145K, committed 61504K, reserved 1114112K
  class space    used 7618K, committed 8192K, reserved 1048576K
}
Event: 16.843 GC heap before
{Heap before GC invocations=43 (full 3):
 PSYoungGen      total 21504K, used 20950K [0x00000000d5580000, 0x00000000d6c00000, 0x0000000100000000)
  eden space 19968K, 100% used [0x00000000d5580000,0x00000000d6900000,0x00000000d6900000)
  from space 1536K, 63% used [0x00000000d6900000,0x00000000d69f5ae8,0x00000000d6a80000)
  to   space 1536K, 0% used [0x00000000d6a80000,0x00000000d6a80000,0x00000000d6c00000)
 ParOldGen       total 68608K, used 40403K [0x0000000080000000, 0x0000000084300000, 0x00000000d5580000)
  object space 68608K, 58% used [0x0000000080000000,0x0000000082774fa8,0x0000000084300000)
 Metaspace       used 61001K, committed 62400K, reserved 1114112K
  class space    used 7745K, committed 8320K, reserved 1048576K
}
Event: 16.845 GC heap after
{Heap after GC invocations=43 (full 3):
 PSYoungGen      total 20480K, used 499K [0x00000000d5580000, 0x00000000d6b00000, 0x0000000100000000)
  eden space 19968K, 0% used [0x00000000d5580000,0x00000000d5580000,0x00000000d6900000)
  from space 512K, 97% used [0x00000000d6a80000,0x00000000d6afcdc8,0x00000000d6b00000)
  to   space 1024K, 0% used [0x00000000d6900000,0x00000000d6900000,0x00000000d6a00000)
 ParOldGen       total 68608K, used 40419K [0x0000000080000000, 0x0000000084300000, 0x00000000d5580000)
  object space 68608K, 58% used [0x0000000080000000,0x0000000082778fa8,0x0000000084300000)
 Metaspace       used 61001K, committed 62400K, reserved 1114112K
  class space    used 7745K, committed 8320K, reserved 1048576K
}
Event: 17.684 GC heap before
{Heap before GC invocations=44 (full 3):
 PSYoungGen      total 20480K, used 20467K [0x00000000d5580000, 0x00000000d6b00000, 0x0000000100000000)
  eden space 19968K, 100% used [0x00000000d5580000,0x00000000d6900000,0x00000000d6900000)
  from space 512K, 97% used [0x00000000d6a80000,0x00000000d6afcdc8,0x00000000d6b00000)
  to   space 1024K, 0% used [0x00000000d6900000,0x00000000d6900000,0x00000000d6a00000)
 ParOldGen       total 68608K, used 40419K [0x0000000080000000, 0x0000000084300000, 0x00000000d5580000)
  object space 68608K, 58% used [0x0000000080000000,0x0000000082778fa8,0x0000000084300000)
 Metaspace       used 63198K, committed 64704K, reserved 1114112K
  class space    used 8073K, committed 8704K, reserved 1048576K
}
Event: 17.689 GC heap after
{Heap after GC invocations=44 (full 3):
 PSYoungGen      total 20992K, used 1008K [0x00000000d5580000, 0x00000000d6d00000, 0x0000000100000000)
  eden space 19968K, 0% used [0x00000000d5580000,0x00000000d5580000,0x00000000d6900000)
  from space 1024K, 98% used [0x00000000d6900000,0x00000000d69fc020,0x00000000d6a00000)
  to   space 2048K, 0% used [0x00000000d6b00000,0x00000000d6b00000,0x00000000d6d00000)
 ParOldGen       total 68608K, used 40795K [0x0000000080000000, 0x0000000084300000, 0x00000000d5580000)
  object space 68608K, 59% used [0x0000000080000000,0x00000000827d6fc8,0x0000000084300000)
 Metaspace       used 63198K, committed 64704K, reserved 1114112K
  class space    used 8073K, committed 8704K, reserved 1048576K
}

